Mon Aug  8 03:01:01 2016  init...
Mon Aug  8 03:01:01 2016  login begin ...
Mon Aug  8 03:01:08 2016: login success ...
71.41
matched result: 3797
Mon Aug  8 03:01:09 2016  {"ret":false,"msg":"当前时间不允许转账"}
Mon Aug  8 03:02:01 2016  init...
Mon Aug  8 03:02:01 2016  login begin ...
Mon Aug  8 03:02:08 2016: login success ...
71.41
matched result: 8266
4 is not in list
Mon Aug  8 03:02:09 2016  {"ret":false,"msg":"当前时间不允许转账"}
Mon Aug  8 04:01:01 2016  init...
Mon Aug  8 04:01:01 2016  login begin ...
Mon Aug  8 04:01:35 2016: login success ...
71.41
matched result: 3518
Mon Aug  8 04:01:37 2016  {"ret":false,"msg":"当前时间不允许转账"}
Mon Aug  8 05:01:01 2016  init...
Mon Aug  8 05:01:01 2016  login begin ...
Mon Aug  8 05:01:16 2016: login success ...
71.41
matched result: 9198
4 is not in list
Mon Aug  8 05:01:19 2016  {"ret":true,"msg":"交易成功\n欢迎下次使用\n"}
Mon Aug  8 06:01:01 2016  init...
Mon Aug  8 06:01:01 2016  login begin ...
Mon Aug  8 06:01:14 2016: login success ...
71.31
matched result: 4176
4 is not in list
Mon Aug  8 06:01:21 2016  {"ret":true,"msg":"交易成功\n欢迎下次使用\n"}
Mon Aug  8 07:01:01 2016  init...
Mon Aug  8 07:01:01 2016  login begin ...
Mon Aug  8 07:01:15 2016: login success ...
71.21
matched result: 2585
4 is not in list
Mon Aug  8 07:01:19 2016  {"ret":true,"msg":"交易成功\n欢迎下次使用\n"}
Mon Aug  8 08:01:02 2016  init...
Mon Aug  8 08:01:02 2016  login begin ...
Mon Aug  8 08:01:08 2016: login success ...
71.11
matched result: 7813
Mon Aug  8 08:01:09 2016  {"ret":true,"msg":"交易成功\n欢迎下次使用\n"}
Mon Aug  8 09:01:02 2016  init...
Mon Aug  8 09:01:02 2016  login begin ...
Traceback (most recent call last):
  File "/usr/auto_charge_2.0/autocharge.py", line 71, in <module>
    if iPlanetDirectoryPro != '' and len(iPlanetDirectoryPro) == 48:
TypeError: object of type 'NoneType' has no len()
Mon Aug  8 10:01:01 2016  init...
Mon Aug  8 10:01:01 2016  login begin ...
Mon Aug  8 10:01:07 2016: login success ...
70.91
matched result: 2166
Mon Aug  8 10:01:08 2016  {"ret":true,"msg":"交易成功\n欢迎下次使用\n"}
Mon Aug  8 11:01:01 2016  init...
Mon Aug  8 11:01:01 2016  login begin ...
Mon Aug  8 11:01:07 2016: login success ...
70.81
matched result: 1342
Mon Aug  8 11:01:09 2016  {"ret":true,"msg":"交易成功\n欢迎下次使用\n"}
Mon Aug  8 12:01:01 2016  init...
Mon Aug  8 12:01:01 2016  login begin ...
Mon Aug  8 12:01:07 2016: login success ...
70.71
matched result: 1243
Mon Aug  8 12:01:08 2016  {"ret":true,"msg":"交易成功\n欢迎下次使用\n"}
Mon Aug  8 13:01:01 2016  init...
Mon Aug  8 13:01:01 2016  login begin ...
Mon Aug  8 13:01:07 2016: login success ...
75.61
matched result: 1819
4 is not in list
Mon Aug  8 13:01:09 2016  {"ret":true,"msg":"交易成功\n欢迎下次使用\n"}
Mon Aug  8 14:01:01 2016  init...
Mon Aug  8 14:01:01 2016  login begin ...
Mon Aug  8 14:01:07 2016: login success ...
75.51
matched result: 1158
Mon Aug  8 14:01:09 2016  {"ret":true,"msg":"交易成功\n欢迎下次使用\n"}
Mon Aug  8 15:01:01 2016  init...
Mon Aug  8 15:01:01 2016  login begin ...
Mon Aug  8 15:01:07 2016: login success ...
75.41
matched result: 3591
4 is not in list
Mon Aug  8 15:01:09 2016  {"ret":true,"msg":"交易成功\n欢迎下次使用\n"}
Mon Aug  8 16:01:01 2016  init...
Mon Aug  8 16:01:01 2016  login begin ...
Mon Aug  8 16:01:08 2016: login success ...
75.31
matched result: 6784
4 is not in list
Mon Aug  8 16:01:09 2016  {"ret":true,"msg":"交易成功\n欢迎下次使用\n"}
Mon Aug  8 17:01:02 2016  init...
Mon Aug  8 17:01:02 2016  login begin ...
Mon Aug  8 17:01:07 2016: login success ...
75.21
matched result: 6745
4 is not in list
Mon Aug  8 17:01:09 2016  {"ret":true,"msg":"交易成功\n欢迎下次使用\n"}
Mon Aug  8 18:01:01 2016  init...
Mon Aug  8 18:01:01 2016  login begin ...
Mon Aug  8 18:01:07 2016: login success ...
75.11
matched result: 9293
Mon Aug  8 18:01:08 2016  {"ret":true,"msg":"交易成功\n欢迎下次使用\n"}
Mon Aug  8 19:01:01 2016  init...
Mon Aug  8 19:01:01 2016  login begin ...
Mon Aug  8 19:01:07 2016: login success ...
75.01
matched result: 2824
Mon Aug  8 19:01:08 2016  {"ret":true,"msg":"交易成功\n欢迎下次使用\n"}
Mon Aug  8 20:01:01 2016  init...
Mon Aug  8 20:01:01 2016  login begin ...
Mon Aug  8 20:01:07 2016: login success ...
74.91
matched result: 8238
Mon Aug  8 20:01:08 2016  {"ret":true,"msg":"交易成功\n欢迎下次使用\n"}
Mon Aug  8 21:01:01 2016  init...
Mon Aug  8 21:01:01 2016  login begin ...
Mon Aug  8 21:01:08 2016: login success ...
74.81
matched result: 5654
Mon Aug  8 21:01:09 2016  {"ret":true,"msg":"交易成功\n欢迎下次使用\n"}
Mon Aug  8 22:01:01 2016  init...
Mon Aug  8 22:01:01 2016  login begin ...
Mon Aug  8 22:01:08 2016: login success ...
74.71
matched result: 6445
Mon Aug  8 22:01:09 2016  {"ret":true,"msg":"交易成功\n欢迎下次使用\n"}
Mon Aug  8 23:01:01 2016  init...
Mon Aug  8 23:01:01 2016  login begin ...
Mon Aug  8 23:01:07 2016: login success ...
74.61
matched result: 3255
4 is not in list
Mon Aug  8 23:01:08 2016  {"ret":false,"msg":"当前时间不允许转账"}
Tue Aug  9 00:01:01 2016  init...
Tue Aug  9 00:01:01 2016  login begin ...
Tue Aug  9 00:01:07 2016: login success ...
74.61
matched result: 8995
4 is not in list
Tue Aug  9 00:01:09 2016  {"ret":false,"msg":"一卡通网络故障"}
Tue Aug  9 01:01:01 2016  init...
Tue Aug  9 01:01:01 2016  login begin ...
Tue Aug  9 01:01:07 2016: login success ...
74.61
matched result: 2497
Tue Aug  9 01:01:09 2016  {"ret":false,"msg":"一卡通网络故障"}
Tue Aug  9 02:01:01 2016  init...
Tue Aug  9 02:01:01 2016  login begin ...
Tue Aug  9 02:01:13 2016: login success ...
74.61
matched result: 8188
Tue Aug  9 02:01:16 2016  {"ret":false,"msg":"当前时间不允许转账"}
Tue Aug  9 03:01:01 2016  init...
Tue Aug  9 03:01:01 2016  login begin ...
Tue Aug  9 03:01:26 2016: login success ...
74.61
matched result: 2625
4 is not in list
Tue Aug  9 03:01:29 2016  {"ret":false,"msg":"当前时间不允许转账"}
Tue Aug  9 04:01:01 2016  init...
Tue Aug  9 04:01:01 2016  login begin ...
Tue Aug  9 04:01:22 2016: login success ...
74.61
matched result: 4751
4 is not in list
Tue Aug  9 04:01:32 2016  {"ret":false,"msg":"当前时间不允许转账"}
Tue Aug  9 05:01:01 2016  init...
Tue Aug  9 05:01:01 2016  login begin ...
Tue Aug  9 05:01:13 2016: login success ...
74.61
matched result: 6656
Tue Aug  9 05:01:15 2016  {"ret":true,"msg":"交易成功\n欢迎下次使用\n"}
Tue Aug  9 06:01:02 2016  init...
Tue Aug  9 06:01:02 2016  login begin ...
Tue Aug  9 06:01:08 2016: login success ...
74.51
matched result: 4539
4 is not in list
Tue Aug  9 06:01:09 2016  {"ret":true,"msg":"交易成功\n欢迎下次使用\n"}
Tue Aug  9 07:01:01 2016  init...
Tue Aug  9 07:01:01 2016  login begin ...
Tue Aug  9 07:01:07 2016: login success ...
74.41
matched result: 2156
Tue Aug  9 07:01:08 2016  {"ret":true,"msg":"交易成功\n欢迎下次使用\n"}
Tue Aug  9 08:01:01 2016  init...
Tue Aug  9 08:01:01 2016  login begin ...
Tue Aug  9 08:01:07 2016: login success ...
74.31
matched result: 8647
4 is not in list
Tue Aug  9 08:01:08 2016  {"ret":true,"msg":"交易成功\n欢迎下次使用\n"}
Tue Aug  9 09:01:02 2016  init...
Tue Aug  9 09:01:02 2016  login begin ...
Tue Aug  9 09:01:07 2016: login success ...
74.21
matched result: 1321
Tue Aug  9 09:01:08 2016  {"ret":true,"msg":"交易成功\n欢迎下次使用\n"}
Tue Aug  9 10:01:02 2016  init...
Tue Aug  9 10:01:02 2016  login begin ...
Tue Aug  9 10:01:08 2016: login success ...
78.11
matched result: 6125
Tue Aug  9 10:01:09 2016  {"ret":true,"msg":"交易成功\n欢迎下次使用\n"}
Tue Aug  9 11:01:01 2016  init...
Tue Aug  9 11:01:01 2016  login begin ...
Tue Aug  9 11:01:07 2016: login success ...
78.01
matched result: 8651
Tue Aug  9 11:01:08 2016  {"ret":true,"msg":"交易成功\n欢迎下次使用\n"}
Tue Aug  9 12:01:01 2016  init...
Tue Aug  9 12:01:01 2016  login begin ...
Tue Aug  9 12:01:07 2016: login success ...
77.91
matched result: 8546
4 is not in list
Tue Aug  9 12:01:08 2016  {"ret":true,"msg":"交易成功\n欢迎下次使用\n"}
Tue Aug  9 13:01:01 2016  init...
Tue Aug  9 13:01:01 2016  login begin ...
Tue Aug  9 13:01:06 2016: login success ...
89.81
matched result: 4683
Tue Aug  9 13:01:08 2016  {"ret":true,"msg":"交易成功\n欢迎下次使用\n"}
Tue Aug  9 14:01:01 2016  init...
Tue Aug  9 14:01:01 2016  login begin ...
Tue Aug  9 14:01:07 2016: login success ...
89.71
matched result: 8756
Tue Aug  9 14:01:08 2016  {"ret":true,"msg":"交易成功\n欢迎下次使用\n"}
Tue Aug  9 15:01:02 2016  init...
Tue Aug  9 15:01:02 2016  login begin ...
Tue Aug  9 15:01:07 2016: login success ...
89.61
matched result: 1168
4 is not in list
Tue Aug  9 15:01:09 2016  {"ret":true,"msg":"交易成功\n欢迎下次使用\n"}
Tue Aug  9 16:01:01 2016  init...
Tue Aug  9 16:01:01 2016  login begin ...
Tue Aug  9 16:01:07 2016: login success ...
89.51
matched result: 9217
4 is not in list
Tue Aug  9 16:01:08 2016  {"ret":true,"msg":"交易成功\n欢迎下次使用\n"}
Tue Aug  9 17:01:01 2016  init...
Tue Aug  9 17:01:01 2016  login begin ...
Tue Aug  9 17:01:07 2016: login success ...
89.41
matched result: 3629
Tue Aug  9 17:01:08 2016  {"ret":true,"msg":"交易成功\n欢迎下次使用\n"}
Tue Aug  9 18:01:01 2016  init...
Tue Aug  9 18:01:01 2016  login begin ...
Tue Aug  9 18:01:07 2016: login success ...
89.31
matched result: 3682
Tue Aug  9 18:01:08 2016  {"ret":true,"msg":"交易成功\n欢迎下次使用\n"}
Tue Aug  9 19:01:01 2016  init...
Tue Aug  9 19:01:01 2016  login begin ...
Tue Aug  9 19:01:07 2016: login success ...
94.21
matched result: 1659
4 is not in list
Tue Aug  9 19:01:09 2016  {"ret":true,"msg":"交易成功\n欢迎下次使用\n"}
Wed Aug 10 08:00:01 2016  init...
Wed Aug 10 08:00:01 2016  login begin ...
Wed Aug 10 08:00:07 2016: login success ...
94.11
matched result: 8659
Wed Aug 10 08:00:08 2016  {"ret":true,"msg":"交易成功\n欢迎下次使用\n"}
Thu Aug 11 08:00:01 2016  init...
Thu Aug 11 08:00:01 2016  login begin ...
Thu Aug 11 08:00:07 2016: login success ...
Fri Aug 12 08:00:01 2016  init...
Fri Aug 12 08:00:01 2016  login begin ...
Fri Aug 12 08:00:07 2016: login success ...
Sat Aug 13 08:00:01 2016  init...
Sat Aug 13 08:00:01 2016  login begin ...
Sat Aug 13 08:00:08 2016: login success ...
Sun Aug 14 08:00:04 2016  init...
Sun Aug 14 08:00:04 2016  login begin ...
Sun Aug 14 08:00:10 2016: login success ...
Mon Aug 15 08:00:01 2016  init...
Mon Aug 15 08:00:01 2016  login begin ...
Mon Aug 15 08:00:08 2016: login success ...
Tue Aug 16 08:00:01 2016  init...
Tue Aug 16 08:00:01 2016  login begin ...
Tue Aug 16 08:00:07 2016: login success ...
Wed Aug 17 08:00:01 2016  init...
Wed Aug 17 08:00:01 2016  login begin ...
Wed Aug 17 08:00:07 2016: login success ...
Thu Aug 18 08:00:01 2016  init...
Thu Aug 18 08:00:01 2016  login begin ...
Thu Aug 18 08:00:07 2016: login success ...
Fri Aug 19 08:00:01 2016  init...
Fri Aug 19 08:00:01 2016  login begin ...
Fri Aug 19 08:00:07 2016: login success ...
Sat Aug 20 08:00:01 2016  init...
Sat Aug 20 08:00:01 2016  login begin ...
Sat Aug 20 08:00:08 2016: login success ...
Sun Aug 21 08:00:01 2016  init...
Sun Aug 21 08:00:01 2016  login begin ...
Sun Aug 21 08:00:07 2016: login success ...
Mon Aug 22 08:00:01 2016  init...
Mon Aug 22 08:00:01 2016  login begin ...
Mon Aug 22 08:00:08 2016: login success ...
Tue Aug 23 08:00:01 2016  init...
Tue Aug 23 08:00:01 2016  login begin ...
Tue Aug 23 08:00:07 2016: login success ...
Wed Aug 24 08:00:01 2016  init...
Wed Aug 24 08:00:01 2016  login begin ...
Wed Aug 24 08:00:08 2016: login success ...
Thu Aug 25 08:00:02 2016  init...
Thu Aug 25 08:00:02 2016  login begin ...
Thu Aug 25 08:00:08 2016: login success ...
Traceback (most recent call last):
  File "/usr/auto_charge_2.0/autocharge.py", line 89, in <module>
    balance = float(find_result[1])
IndexError: list index out of range
Fri Aug 26 08:00:02 2016  init...
Fri Aug 26 08:00:02 2016  login begin ...
Fri Aug 26 08:00:07 2016: login success ...
Sat Aug 27 08:00:01 2016  init...
Sat Aug 27 08:00:01 2016  login begin ...
Sat Aug 27 08:00:08 2016: login success ...
184.25
matched result: 4995
Sat Aug 27 08:00:10 2016  {"ret":true,"msg":"交易成功\n欢迎下次使用\n"}

Sat Aug 27 12:06:08 2016  init...
Sat Aug 27 12:06:08 2016  login begin ...
Sat Aug 27 12:06:14 2016  login success ...
Sat Aug 27 12:06:15 2016  amount is enough
Sat Aug 27 12:11:00 2016  init...
Sat Aug 27 12:11:00 2016  login begin ...
Sat Aug 27 12:11:06 2016  login success ...
Sat Aug 27 12:11:06 2016  amount is enough
Sun Aug 28 07:30:00 2016  init...
Sun Aug 28 07:30:00 2016  login begin ...
Sun Aug 28 07:30:06 2016  login success ...
Sun Aug 28 07:30:06 2016  amount is enough
Mon Aug 29 07:30:00 2016  init...
Mon Aug 29 07:30:00 2016  login begin ...
Mon Aug 29 07:30:06 2016  login success ...
Mon Aug 29 07:30:06 2016  amount is enough
Tue Aug 30 07:30:01 2016  init...
Tue Aug 30 07:30:01 2016  login begin ...
Wed Aug 31 07:30:01 2016  init...
Wed Aug 31 07:30:01 2016  login begin ...
Wed Aug 31 07:30:07 2016  login success ...
Thu Sep 01 07:30:01 2016  init...
Thu Sep 01 07:30:01 2016  login begin ...
Thu Sep 01 07:30:07 2016  login success ...
Thu Sep 01 07:30:08 2016  186.55
Thu Sep 01 12:19:12 2016  init...
Thu Sep 01 12:19:12 2016  login begin ...
Thu Sep 01 12:19:18 2016  login success ...
Thu Sep 01 12:19:18 2016  195.55
Thu Sep 01 12:20:18 2016  init...
Thu Sep 01 12:20:18 2016  login begin ...
Thu Sep 01 12:20:24 2016  login success ...
Thu Sep 01 12:20:24 2016  195.55
Thu Sep 01 12:20:24 2016  charge amount: 70
Thu Sep 01 12:20:45 2016  init...
Thu Sep 01 12:20:45 2016  login begin ...
Thu Sep 01 12:20:51 2016  login success ...
Thu Sep 01 12:20:52 2016  195.55
Thu Sep 01 12:20:52 2016  charge amount: 70
Fri Sep 02 07:30:02 2016  init...
Fri Sep 02 07:30:02 2016  login begin ...
Fri Sep 02 07:30:08 2016  login success ...
Fri Sep 02 07:30:08 2016  191.05
Fri Sep 02 07:30:08 2016  charge amount: 70
Fri Sep 02 16:12:08 2016  None
Fri Sep 02 16:13:26 2016  Traceback (most recent call last):
  File "autocharge.py", line 58, in <module>
    1/0
ZeroDivisionError: integer division or modulo by zero

Fri Sep 02 16:14:01 2016  init...
Fri Sep 02 16:14:01 2016  login begin ...
Fri Sep 02 16:14:06 2016  login success ...
Fri Sep 02 16:14:06 2016  194.55
Fri Sep 02 16:14:06 2016  charge amount: 0.1
Fri Sep 02 16:14:07 2016  {"ret":true,"msg":"交易成功\n欢迎下次使用\n"}
Fri Sep 02 16:14:27 2016  init...
Fri Sep 02 16:14:27 2016  login begin ...
Fri Sep 02 16:14:33 2016  login success ...
Fri Sep 02 16:14:33 2016  194.45
Fri Sep 02 16:14:33 2016  charge amount: 70
Fri Sep 02 16:14:34 2016  {"ret":true,"msg":"交易成功\n欢迎下次使用\n"}
Fri Sep 02 16:14:55 2016  init...
Fri Sep 02 16:14:55 2016  login begin ...
Fri Sep 02 16:15:01 2016  login success ...
Fri Sep 02 16:15:01 2016  194.45
Fri Sep 02 16:15:01 2016  charge amount: 70
Fri Sep 02 16:15:02 2016  {"ret":true,"msg":"交易成功\n欢迎下次使用\n"}
Fri Sep 02 16:18:03 2016  init...
Fri Sep 02 16:18:03 2016  login begin ...
Fri Sep 02 16:18:10 2016  login success ...
Fri Sep 02 16:18:10 2016  balance: 5.45
Fri Sep 02 16:18:10 2016  balance_remain: 140.1
Fri Sep 02 16:18:10 2016  amount is enough
Fri Sep 02 16:19:28 2016  init...
Fri Sep 02 16:19:28 2016  login begin ...
Fri Sep 02 16:19:34 2016  login success ...
Fri Sep 02 16:19:34 2016  balance: 5.45
Fri Sep 02 16:19:34 2016  balance_remain: 140.1
Fri Sep 02 16:19:34 2016  balance_sum: 145.55
Fri Sep 02 16:19:34 2016  amount is enough
Fri Sep 02 16:20:59 2016  init...
Fri Sep 02 16:20:59 2016  login begin ...
Fri Sep 02 16:21:04 2016  login success ...
Fri Sep 02 16:21:05 2016  balance: 5.45
Fri Sep 02 16:21:05 2016  balance_remain: 140.1
Fri Sep 02 16:21:05 2016  balance_sum: 145.55
Fri Sep 02 16:21:05 2016  amount is enough
Fri Sep 02 16:21:06 2016  init...
Fri Sep 02 16:21:06 2016  login begin ...
Fri Sep 02 16:21:12 2016  login success ...
Fri Sep 02 16:21:12 2016  balance: 5.45
Fri Sep 02 16:21:12 2016  balance_remain: 140.1
Fri Sep 02 16:21:12 2016  balance_sum: 145.55
Fri Sep 02 16:21:12 2016  amount is enough
Fri Sep 02 16:23:01 2016  init...
Fri Sep 02 16:23:01 2016  login begin ...
Fri Sep 02 16:23:08 2016  login success ...
Fri Sep 02 16:23:08 2016  balance: 5.45
Fri Sep 02 16:23:08 2016  balance_remain: 140.1
Fri Sep 02 16:23:08 2016  balance_sum: 145.55
Fri Sep 02 16:23:08 2016  amount is enough
Fri Sep 02 16:23:08 2016  ===================================
Fri Sep 02 16:23:12 2016  init...
Fri Sep 02 16:23:12 2016  login begin ...
Fri Sep 02 16:23:18 2016  login success ...
Fri Sep 02 16:23:18 2016  balance: 5.45
Fri Sep 02 16:23:18 2016  balance_remain: 140.1
Fri Sep 02 16:23:18 2016  balance_sum: 145.55
Fri Sep 02 16:23:18 2016  amount is enough
Fri Sep 02 16:23:18 2016  ===================================